"../../../BadAss/Content/StarterContent/Blueprints/Assets/FogBrightnessLUT.uasset" 0
"../../../BadAss/Content/StarterContent/Blueprints/Assets/SunlightColorLUT.uasset" 1
"../../../BadAss/Content/StarterContent/Blueprints/Assets/M_LightStage_Arrows.uasset" 2
"../../../Engine/Content/MapTemplates/Sky/DaylightAmbientCubemap.uasset" 3
"../../../BadAss/Content/StarterContent/Blueprints/Assets/M_LightStage_Skybox_Master.uasset" 4
"../../../BadAss/Content/StarterContent/Blueprints/Assets/M_LightStage_Skybox_Black.uasset" 5
"../../../BadAss/Content/StarterContent/Blueprints/Assets/M_LightStage_Skybox_HDRI.uasset" 6
"../../../Engine/Content/EditorMaterials/Thumbnails/SkySphereMaterial.uasset" 7
"../../../BadAss/Content/StarterContent/Blueprints/Assets/Skybox.uasset" 8
"../../../Engine/Content/Functions/Engine_MaterialFunctions01/Opacity/CameraDepthFade.uasset" 9
"../../../Engine/Content/EngineMaterials/T_Default_Material_Grid_M.uasset" 10
"../../../Engine/Content/EngineMaterials/T_Default_Material_Grid_N.uasset" 11
"../../../Engine/Content/EngineMaterials/WorldGridMaterial.uasset" 12
"../../../BadAss/Content/StarterContent/Blueprints/Assets/SM_Arrows.uasset" 13
"../../../BadAss/Content/StarterContent/HDRI/HDRI_Epic_Courtyard_Daylight.uasset" 14
"../../../BadAss/Content/StarterContent/Blueprints/BP_LightStudio.uasset" 15
"../../../BadAss/Content/StarterContent/Materials/M_AssetPlatform.uasset" 16
"../../../Engine/Content/EditorMeshes/ColorCalibrator/M_ChromeBall.uasset" 17
"../../../Engine/Content/EditorMeshes/ColorCalibrator/M_ClearCoat.uasset" 18
"../../../Engine/Content/EditorMeshes/ColorCalibrator/M_ClearCoatBlack.uasset" 19
"../../../Engine/Content/EditorMeshes/ColorCalibrator/T_ColorGrid.uasset" 20
"../../../Engine/Content/EditorMeshes/ColorCalibrator/M_ColorGrid.uasset" 21
"../../../Engine/Content/EditorMeshes/ColorCalibrator/M_GreyBall.uasset" 22
"../../../Engine/Content/EditorMeshes/ColorCalibrator/SM_ColorCalibrator.uasset" 23
"../../../BadAss/Content/StarterContent/Architecture/SM_AssetPlatform.uasset" 24
"../../../BadAss/Content/StarterContent/Maps/Advanced_Lighting.umap" 25
"../../../BadAss/Content/StarterContent/Audio/Fire01.uasset" 26
"../../../BadAss/Content/StarterContent/Audio/Fire01_Cue.uasset" 27
"../../../BadAss/Content/StarterContent/Textures/T_Fire_SubUV.uasset" 28
"../../../BadAss/Content/StarterContent/Textures/T_Fire_Tiled_D.uasset" 29
"../../../BadAss/Content/StarterContent/Particles/Materials/M_Fire_SubUV.uasset" 30
"../../../BadAss/Content/StarterContent/Textures/T_Water_N.uasset" 31
"../../../BadAss/Content/StarterContent/Particles/Materials/M_Heat_Distortion.uasset" 32
"../../../Engine/Content/Functions/Engine_MaterialFunctions01/Gradient/RadialGradient.uasset" 33
"../../../BadAss/Content/StarterContent/Particles/Materials/M_Radial_Gradient.uasset" 34
"../../../BadAss/Content/StarterContent/Textures/T_Smoke_SubUV.uasset" 35
"../../../BadAss/Content/StarterContent/Textures/T_Smoke_Tiled_D.uasset" 36
"../../../BadAss/Content/StarterContent/Particles/Materials/M_smoke_subUV.uasset" 37
"../../../BadAss/Content/StarterContent/Particles/P_Fire.uasset" 38
"../../../BadAss/Content/StarterContent/Blueprints/Blueprint_Effect_Fire.uasset" 39
"../../../BadAss/Content/StarterContent/Audio/Smoke01.uasset" 40
"../../../BadAss/Content/StarterContent/Audio/Smoke01_Cue.uasset" 41
"../../../BadAss/Content/StarterContent/Particles/P_Smoke.uasset" 42
"../../../BadAss/Content/StarterContent/Blueprints/Blueprint_Effect_Smoke.uasset" 43
"../../../BadAss/Content/StarterContent/Audio/Fire_Sparks01.uasset" 44
"../../../BadAss/Content/StarterContent/Audio/Fire_Sparks01_Cue.uasset" 45
"../../../BadAss/Content/StarterContent/Textures/T_Spark_Core.uasset" 46
"../../../BadAss/Content/StarterContent/Particles/Materials/M_Spark.uasset" 47
"../../../BadAss/Content/StarterContent/Particles/P_Sparks.uasset" 48
"../../../BadAss/Content/StarterContent/Blueprints/Blueprint_Effect_Sparks.uasset" 49
"../../../BadAss/Content/StarterContent/Audio/Steam01.uasset" 50
"../../../BadAss/Content/StarterContent/Audio/Steam01_Cue.uasset" 51
"../../../BadAss/Content/StarterContent/Particles/P_Steam_Lit.uasset" 52
"../../../BadAss/Content/StarterContent/Blueprints/Blueprint_Effect_Steam.uasset" 53
"../../../Engine/Content/EditorBlueprintResources/StandardMacros.uasset" 54
"../../../Engine/Content/EngineSky/C_Sky_Cloud_Color.uasset" 55
"../../../Engine/Content/EngineSky/C_Sky_Horizon_Color.uasset" 56
"../../../Engine/Content/EngineSky/C_Sky_Zenith_Color.uasset" 57
"../../../Engine/Content/EngineSky/T_Sky_Blue.uasset" 58
"../../../Engine/Content/EngineSky/T_Sky_Clouds_M.uasset" 59
"../../../Engine/Content/EngineSky/T_Sky_Stars.uasset" 60
"../../../Engine/Content/EngineSky/SM_SkySphere.uasset" 61
"../../../Engine/Content/EngineSky/M_Sky_Panning_Clouds2.uasset" 62
"../../../Engine/Content/EngineSky/BP_Sky_Sphere.uasset" 63
"../../../BadAss/Content/StarterContent/Textures/T_Lamp_M.uasset" 64
"../../../BadAss/Content/StarterContent/Textures/T_Lamp_N.uasset" 65
"../../../BadAss/Content/StarterContent/Props/Materials/M_Lamp.uasset" 66
"../../../BadAss/Content/StarterContent/Props/SM_Lamp_Ceiling.uasset" 67
"../../../BadAss/Content/StarterContent/Blueprints/Blueprint_CeilingLight.uasset" 68
"../../../BadAss/Content/StarterContent/Props/SM_Lamp_Wall.uasset" 69
"../../../BadAss/Content/StarterContent/Blueprints/Blueprint_WallSconce.uasset" 70
"../../../Engine/Content/EngineFonts/RobotoDistanceField.uasset" 71
"../../../Engine/Content/Functions/Engine_MaterialFunctions03/Procedurals/ComputeFilterWidth.uasset" 72
"../../../Engine/Content/EngineMaterials/AntiAliasedTextMaterialTranslucent.uasset" 73
"../../../BadAss/Content/StarterContent/Textures/T_Brick_Clay_Beveled_D.uasset" 74
"../../../BadAss/Content/StarterContent/Textures/T_Brick_Clay_Beveled_M.uasset" 75
"../../../BadAss/Content/StarterContent/Textures/T_Brick_Clay_Beveled_N.uasset" 76
"../../../BadAss/Content/StarterContent/Textures/T_MacroVariation.uasset" 77
"../../../BadAss/Content/StarterContent/Materials/M_Brick_Clay_Beveled.uasset" 78
"../../../BadAss/Content/StarterContent/Textures/T_Brick_Clay_New_D.uasset" 79
"../../../BadAss/Content/StarterContent/Textures/T_Brick_Clay_New_M.uasset" 80
"../../../BadAss/Content/StarterContent/Textures/T_Brick_Clay_New_N.uasset" 81
"../../../BadAss/Content/StarterContent/Textures/T_Detail_Rocky_N.uasset" 82
"../../../BadAss/Content/StarterContent/Materials/M_Brick_Clay_New.uasset" 83
"../../../BadAss/Content/StarterContent/Textures/T_Brick_Clay_Old_D.uasset" 84
"../../../BadAss/Content/StarterContent/Textures/T_Brick_Clay_Old_N.uasset" 85
"../../../BadAss/Content/StarterContent/Textures/T_Perlin_Noise_M.uasset" 86
"../../../BadAss/Content/StarterContent/Materials/M_Brick_Clay_Old.uasset" 87
"../../../BadAss/Content/StarterContent/Textures/T_Brick_Cut_Stone_D.uasset" 88
"../../../BadAss/Content/StarterContent/Textures/T_Brick_Cut_Stone_N.uasset" 89
"../../../BadAss/Content/StarterContent/Materials/M_Brick_Cut_Stone.uasset" 90
"../../../BadAss/Content/StarterContent/Textures/T_Brick_Hewn_Stone_D.uasset" 91
"../../../BadAss/Content/StarterContent/Textures/T_Brick_Hewn_Stone_M.uasset" 92
"../../../BadAss/Content/StarterContent/Textures/T_Brick_Hewn_Stone_N.uasset" 93
"../../../BadAss/Content/StarterContent/Materials/M_Brick_Hewn_Stone.uasset" 94
"../../../BadAss/Content/StarterContent/Textures/T_Ceramic_Tile_M.uasset" 95
"../../../BadAss/Content/StarterContent/Textures/T_Ceramic_Tile_N.uasset" 96
"../../../BadAss/Content/StarterContent/Textures/T_Rock_Marble_Polished_D.uasset" 97
"../../../BadAss/Content/StarterContent/Materials/M_Ceramic_Tile_Checker.uasset" 98
"../../../BadAss/Content/StarterContent/Textures/T_CobbleStone_Pebble_D.uasset" 99
"../../../BadAss/Content/StarterContent/Textures/T_CobbleStone_Pebble_M.uasset" 100
"../../../BadAss/Content/StarterContent/Textures/T_CobbleStone_Pebble_N.uasset" 101
"../../../BadAss/Content/StarterContent/Materials/M_CobbleStone_Pebble.uasset" 102
"../../../BadAss/Content/StarterContent/Textures/T_CobbleStone_Rough_D.uasset" 103
"../../../BadAss/Content/StarterContent/Textures/T_CobbleStone_Rough_N.uasset" 104
"../../../BadAss/Content/StarterContent/Textures/T_Gradinet_01.uasset" 105
"../../../BadAss/Content/StarterContent/Textures/T_Rock_Smooth_Granite_D.uasset" 106
"../../../BadAss/Content/StarterContent/Materials/M_CobbleStone_Rough.uasset" 107
"../../../BadAss/Content/StarterContent/Textures/T_CobbleStone_Smooth_D.uasset" 108
"../../../BadAss/Content/StarterContent/Textures/T_CobbleStone_Smooth_M.uasset" 109
"../../../BadAss/Content/StarterContent/Textures/T_CobbleStone_Smooth_N.uasset" 110
"../../../BadAss/Content/StarterContent/Materials/M_CobbleStone_Smooth.uasset" 111
"../../../BadAss/Content/StarterContent/Textures/T_Concrete_Grime_D.uasset" 112
"../../../BadAss/Content/StarterContent/Textures/T_Metal_Rust_N.uasset" 113
"../../../BadAss/Content/StarterContent/Materials/M_Concrete_Grime.uasset" 114
"../../../BadAss/Content/StarterContent/Textures/T_Concrete_Panels_D.uasset" 115
"../../../BadAss/Content/StarterContent/Textures/T_Concrete_Panels_N.uasset" 116
"../../../BadAss/Content/StarterContent/Materials/M_Concrete_Panels.uasset" 117
"../../../BadAss/Content/StarterContent/Textures/T_Concrete_Poured_D.uasset" 118
"../../../BadAss/Content/StarterContent/Textures/T_Concrete_Poured_N.uasset" 119
"../../../BadAss/Content/StarterContent/Materials/M_Concrete_Poured.uasset" 120
"../../../BadAss/Content/StarterContent/Textures/T_Concrete_Tiles_D.uasset" 121
"../../../BadAss/Content/StarterContent/Textures/T_Concrete_Tiles_M.uasset" 122
"../../../BadAss/Content/StarterContent/Textures/T_Concrete_Tiles_N.uasset" 123
"../../../BadAss/Content/StarterContent/Textures/T_Concrete_Tiles_Variation_M.uasset" 124
"../../../BadAss/Content/StarterContent/Materials/M_Concrete_Tiles.uasset" 125
"../../../BadAss/Content/StarterContent/Textures/T_Ground_Grass_D.uasset" 126
"../../../BadAss/Content/StarterContent/Textures/T_Ground_Grass_N.uasset" 127
"../../../BadAss/Content/StarterContent/Materials/M_Ground_Grass.uasset" 128
"../../../BadAss/Content/StarterContent/Textures/T_Ground_Gravel_D.uasset" 129
"../../../BadAss/Content/StarterContent/Textures/T_Ground_Gravel_N.uasset" 130
"../../../BadAss/Content/StarterContent/Materials/M_Ground_Gravel.uasset" 131
"../../../BadAss/Content/StarterContent/Textures/T_ground_Moss_D.uasset" 132
"../../../BadAss/Content/StarterContent/Textures/T_Ground_Moss_N.uasset" 133
"../../../BadAss/Content/StarterContent/Materials/M_Ground_Moss.uasset" 134
"../../../BadAss/Content/StarterContent/Materials/M_Metal_Brushed_Nickel.uasset" 135
"../../../BadAss/Content/StarterContent/Textures/T_Metal_Aluminum_D.uasset" 136
"../../../BadAss/Content/StarterContent/Textures/T_Metal_Gold_N.uasset" 137
"../../../BadAss/Content/StarterContent/Materials/M_Metal_Burnished_Steel.uasset" 138
"../../../BadAss/Content/StarterContent/Materials/M_Metal_Chrome.uasset" 139
"../../../BadAss/Content/StarterContent/Textures/T_Metal_Copper_D.uasset" 140
"../../../BadAss/Content/StarterContent/Materials/M_Metal_Copper.uasset" 141
"../../../BadAss/Content/StarterContent/Textures/T_Metal_Gold_D.uasset" 142
"../../../BadAss/Content/StarterContent/Materials/M_Metal_Gold.uasset" 143
"../../../Engine/Content/Functions/Engine_MaterialFunctions02/Utility/BlendAngleCorrectedNormals.uasset" 144
"../../../BadAss/Content/StarterContent/Textures/T_Metal_Rust_D.uasset" 145
"../../../BadAss/Content/StarterContent/Materials/M_Metal_Rust.uasset" 146
"../../../BadAss/Content/StarterContent/Textures/T_Metal_Steel_D.uasset" 147
"../../../BadAss/Content/StarterContent/Textures/T_Metal_Steel_N.uasset" 148
"../../../BadAss/Content/StarterContent/Materials/M_Metal_Steel.uasset" 149
"../../../BadAss/Content/StarterContent/Textures/T_Rock_Basalt_D.uasset" 150
"../../../BadAss/Content/StarterContent/Textures/T_Rock_Basalt_N.uasset" 151
"../../../BadAss/Content/StarterContent/Materials/M_Rock_Basalt.uasset" 152
"../../../BadAss/Content/StarterContent/Materials/M_Rock_Marble_Polished.uasset" 153
"../../../BadAss/Content/StarterContent/Textures/T_Rock_Sandstone_D.uasset" 154
"../../../BadAss/Content/StarterContent/Textures/T_Rock_Sandstone_N.uasset" 155
"../../../BadAss/Content/StarterContent/Materials/M_Rock_Sandstone.uasset" 156
"../../../BadAss/Content/StarterContent/Textures/T_Rock_Slate_D.uasset" 157
"../../../BadAss/Content/StarterContent/Textures/T_Rock_Slate_N.uasset" 158
"../../../BadAss/Content/StarterContent/Materials/M_Rock_Slate.uasset" 159
"../../../BadAss/Content/StarterContent/Textures/T_Checker_Noise_M.uasset" 160
"../../../BadAss/Content/StarterContent/Textures/T_Single_Tile_N.uasset" 161
"../../../BadAss/Content/StarterContent/Textures/T_Tech_Dot_M.uasset" 162
"../../../BadAss/Content/StarterContent/Textures/T_Tech_Dot_N.uasset" 163
"../../../BadAss/Content/StarterContent/Materials/M_Tech_Checker_Dot.uasset" 164
"../../../BadAss/Content/StarterContent/Textures/T_Tech_Hex_Tile_M.uasset" 165
"../../../BadAss/Content/StarterContent/Textures/T_Tech_Hex_Tile_N.uasset" 166
"../../../BadAss/Content/StarterContent/Materials/M_Tech_Hex_Tile.uasset" 167
"../../../BadAss/Content/StarterContent/Materials/M_Tech_Hex_Tile_Pulse.uasset" 168
"../../../BadAss/Content/StarterContent/Textures/T_Tech_Panel_M.uasset" 169
"../../../BadAss/Content/StarterContent/Textures/T_Tech_Panel_N.uasset" 170
"../../../BadAss/Content/StarterContent/Materials/M_Tech_Panel.uasset" 171
"../../../BadAss/Content/StarterContent/Materials/M_Water_Lake.uasset" 172
"../../../BadAss/Content/StarterContent/Textures/T_Water_M.uasset" 173
"../../../BadAss/Content/StarterContent/Materials/M_Water_Ocean.uasset" 174
"../../../BadAss/Content/StarterContent/Textures/T_Wood_Floor_Walnut_D.uasset" 175
"../../../BadAss/Content/StarterContent/Textures/T_Wood_Floor_Walnut_M.uasset" 176
"../../../BadAss/Content/StarterContent/Textures/T_Wood_Floor_Walnut_N.uasset" 177
"../../../BadAss/Content/StarterContent/Materials/M_Wood_Floor_Walnut_Polished.uasset" 178
"../../../Engine/Content/Functions/Engine_MaterialFunctions01/Opacity/AlphaOffset.uasset" 179
"../../../BadAss/Content/StarterContent/Materials/M_Wood_Floor_Walnut_Worn.uasset" 180
"../../../BadAss/Content/StarterContent/Textures/T_Wood_Oak_D.uasset" 181
"../../../BadAss/Content/StarterContent/Textures/T_Wood_Oak_N.uasset" 182
"../../../BadAss/Content/StarterContent/Materials/M_Wood_Oak.uasset" 183
"../../../BadAss/Content/StarterContent/Textures/T_Wood_Pine_D.uasset" 184
"../../../BadAss/Content/StarterContent/Textures/T_Wood_Pine_N.uasset" 185
"../../../BadAss/Content/StarterContent/Materials/M_Wood_Pine.uasset" 186
"../../../BadAss/Content/StarterContent/Textures/T_Wood_Walnut_D.uasset" 187
"../../../BadAss/Content/StarterContent/Textures/T_Wood_Walnut_N.uasset" 188
"../../../BadAss/Content/StarterContent/Materials/M_Wood_Walnut.uasset" 189
"../../../BadAss/Content/StarterContent/Textures/T_Chair_M.uasset" 190
"../../../BadAss/Content/StarterContent/Textures/T_Chair_N.uasset" 191
"../../../BadAss/Content/StarterContent/Props/Materials/M_Chair.uasset" 192
"../../../BadAss/Content/StarterContent/Materials/M_Basic_Floor.uasset" 193
"../../../BadAss/Content/StarterContent/Architecture/Floor_400x400.uasset" 194
"../../../BadAss/Content/StarterContent/Materials/M_Basic_Wall.uasset" 195
"../../../BadAss/Content/StarterContent/Architecture/Wall_400x200.uasset" 196
"../../../BadAss/Content/StarterContent/Architecture/Wall_Door_400x300.uasset" 197
"../../../BadAss/Content/StarterContent/Architecture/Wall_Window_400x300.uasset" 198
"../../../BadAss/Content/StarterContent/Audio/Collapse01.uasset" 199
"../../../BadAss/Content/StarterContent/Audio/Collapse02.uasset" 200
"../../../BadAss/Content/StarterContent/Audio/Collapse_Cue.uasset" 201
"../../../BadAss/Content/StarterContent/Audio/Starter_Birds01.uasset" 202
"../../../BadAss/Content/StarterContent/Audio/Starter_Wind05.uasset" 203
"../../../BadAss/Content/StarterContent/Audio/Starter_Wind06.uasset" 204
"../../../BadAss/Content/StarterContent/Audio/Starter_Background_Cue.uasset" 205
"../../../BadAss/Content/StarterContent/Audio/Starter_Music01.uasset" 206
"../../../BadAss/Content/StarterContent/Audio/Starter_Music_Cue.uasset" 207
"../../../BadAss/Content/StarterContent/Textures/T_Dust_Particle_D.uasset" 208
"../../../BadAss/Content/StarterContent/Particles/Materials/M_Dust_Particle.uasset" 209
"../../../BadAss/Content/StarterContent/Particles/P_Ambient_Dust.uasset" 210
"../../../BadAss/Content/StarterContent/Props/MaterialSphere.uasset" 211
"../../../BadAss/Content/StarterContent/Props/SM_Chair.uasset" 212
"../../../BadAss/Content/StarterContent/Textures/T_Frame_M.uasset" 213
"../../../BadAss/Content/StarterContent/Textures/T_Frame_N.uasset" 214
"../../../BadAss/Content/StarterContent/Props/Materials/M_Frame.uasset" 215
"../../../BadAss/Content/StarterContent/Props/SM_CornerFrame.uasset" 216
"../../../BadAss/Content/StarterContent/Props/SM_DoorFrame.uasset" 217
"../../../BadAss/Content/StarterContent/Materials/M_Glass.uasset" 218
"../../../BadAss/Content/StarterContent/Props/SM_GlassWindow.uasset" 219
"../../../BadAss/Content/StarterContent/Props/SM_PillarFrame.uasset" 220
"../../../BadAss/Content/StarterContent/Props/SM_PillarFrame300.uasset" 221
"../../../BadAss/Content/StarterContent/Textures/T_Statue_M.uasset" 222
"../../../BadAss/Content/StarterContent/Textures/T_Statue_N.uasset" 223
"../../../BadAss/Content/StarterContent/Props/Materials/M_Statue.uasset" 224
"../../../BadAss/Content/StarterContent/Props/Materials/M_StatueGlass.uasset" 225
"../../../BadAss/Content/StarterContent/Props/SM_Statue.uasset" 226
"../../../BadAss/Content/StarterContent/Textures/T_TableRound_M.uasset" 227
"../../../BadAss/Content/StarterContent/Textures/T_TableRound_N.uasset" 228
"../../../BadAss/Content/StarterContent/Props/Materials/M_TableRound.uasset" 229
"../../../BadAss/Content/StarterContent/Props/SM_TableRound.uasset" 230
"../../../BadAss/Content/StarterContent/Props/SM_WindowFrame.uasset" 231
"../../../BadAss/Content/StarterContent/Shapes/Shape_Cube.uasset" 232
"../../../BadAss/Content/StarterContent/Shapes/Shape_QuadPyramid.uasset" 233
"../../../BadAss/Content/StarterContent/Shapes/Shape_Sphere.uasset" 234
"../../../BadAss/Content/StarterContent/Maps/StarterMap.umap" 235
"../../../BadAss/Content/StarterContent/Maps/Minimal_Default.umap" 236
"../../../BadAss/Content/New_Stuff/GlowMat.uasset" 237
"../../../BadAss/Content/New_Stuff/GlowyMat.uasset" 238
"../../../Engine/Content/EngineMaterials/DefaultMaterial.uasset" 239
"../../../Engine/Content/BasicShapes/Cylinder.uasset" 240
"../../../BadAss/Content/Environment/Cylinder_Blueprint.uasset" 241
"../../../BadAss/Content/Geometry/Meshes/CubeMaterial.uasset" 242
"../../../BadAss/Content/Geometry/Meshes/1M_Cube.uasset" 243
"../../../BadAss/Content/FirstPersonBP/Blueprints/TestButton.uasset" 244
"../../../BadAss/Content/New_Stuff/M_Metal_Steel.uasset" 245
"../../../BadAss/Content/Menu/MenuBP.uasset" 246
"../../../BadAss/Content/New_Stuff/polySurface38_polySurface12Mat.uasset" 247
"../../../BadAss/Content/New_Stuff/ceiling.uasset" 248
"../../../BadAss/Content/New_Stuff/initialShadingGroup_polySurface47_polySurface49Mat.uasset" 249
"../../../BadAss/Content/New_Stuff/initialShadingGroup_polySurface47_polySurface50Mat.uasset" 250
"../../../BadAss/Content/New_Stuff/initialShadingGroup_polySurface47_polySurface51Mat.uasset" 251
"../../../BadAss/Content/New_Stuff/initialShadingGroup_polySurface47_polySurface52Mat.uasset" 252
"../../../BadAss/Content/New_Stuff/initialShadingGroup_polySurface48_polySurface47Mat.uasset" 253
"../../../BadAss/Content/New_Stuff/cornerwall.uasset" 254
"../../../BadAss/Content/New_Stuff/polySurface37_polySurface12Mat.uasset" 255
"../../../BadAss/Content/New_Stuff/floor.uasset" 256
"../../../BadAss/Content/New_Stuff/initialShadingGroup_polySurface52_polySurface54Mat.uasset" 257
"../../../BadAss/Content/New_Stuff/initialShadingGroup_polySurface52_polySurface55Mat.uasset" 258
"../../../BadAss/Content/New_Stuff/initialShadingGroup_polySurface53_polySurface52Mat.uasset" 259
"../../../BadAss/Content/New_Stuff/midwall.uasset" 260
"../../../BadAss/Content/New_Stuff/Group31288Mat.uasset" 261
"../../../BadAss/Content/New_Stuff/TechPillarDecimation.uasset" 262
"../../../BadAss/Content/FirstPersonBP/Maps/FirstPersonExampleMap.umap" 263
"../../../Engine/Content/EngineMaterials/DefaultDiffuse.uasset" 264
"../../../Engine/Content/EngineMaterials/DefaultNormal.uasset" 265
"../../../Engine/Content/Maps/Entry.umap" 266
"../../../Engine/Content/EditorResources/S_Actor.uasset" 267
"../../../Engine/Content/Maps/Templates/Thumbnails/Default.uasset" 268
"../../../Engine/Content/EditorMaterials/ParticleSystems/PSysThumbnail_NoImage.uasset" 269
"../../../Engine/Content/EditorMaterials/ParticleSystems/PSysThumbnail_OOD.uasset" 270
"../../../Engine/Content/EditorLandscapeResources/DataLayer.uasset" 271
"../../../Engine/Content/EngineFonts/Roboto.uasset" 272
"../../../Engine/Content/Functions/Engine_MaterialFunctions01/Shading/PowerToRoughness.uasset" 273
"../../../Engine/Content/Functions/Engine_MaterialFunctions01/Shading/ConvertFromDiffSpec.uasset" 274
"../../../Engine/Content/EngineMaterials/DefaultDeferredDecalMaterial.uasset" 275
"../../../Engine/Content/EngineMaterials/DefaultLightFunctionMaterial.uasset" 276
"../../../Engine/Content/Functions/Engine_MaterialFunctions02/Utility/BreakOutFloat2Components.uasset" 277
"../../../Engine/Content/EngineMaterials/DefaultPostProcessMaterial.uasset" 278
"../../../Engine/Content/EngineResources/DefaultTexture.uasset" 279
"../../../Engine/Content/Functions/Engine_MaterialFunctions02/Texturing/ScreenAlignedUVs.uasset" 280
"../../../Engine/Content/EngineResources/WhiteSquareTexture.uasset" 281
"../../../Engine/Content/EngineMaterials/Widget3DPassThrough.uasset" 282
"../../../Engine/Content/EngineMaterials/Widget3DPassThrough_Translucent.uasset" 283
"../../../Engine/Content/EngineMaterials/Widget3DPassThrough_Translucent_OneSided.uasset" 284
"../../../Engine/Content/EngineMaterials/Widget3DPassThrough_Opaque.uasset" 285
"../../../Engine/Content/EngineMaterials/Widget3DPassThrough_Opaque_OneSided.uasset" 286
"../../../Engine/Content/EngineMaterials/Widget3DPassThrough_Masked.uasset" 287
"../../../Engine/Content/EngineMaterials/Widget3DPassThrough_Masked_OneSided.uasset" 288
"../../../Engine/Content/EngineDamageTypes/DmgTypeBP_Environmental.uasset" 289
"../../../Engine/Content/EngineMeshes/Sphere.uasset" 290
"../../../Engine/Content/EngineMaterials/DefaultTextMaterialOpaque.uasset" 291
"../../../Engine/Content/EditorResources/S_Trigger.uasset" 292
"../../../Engine/Content/EngineResources/GradientTexture0.uasset" 293
"../../../Engine/Content/EngineResources/Black.uasset" 294
"../../../Engine/Content/EditorMaterials/MatineeGroups/MAT_Groups_Float.uasset" 295
"../../../Engine/Content/EditorMaterials/MatineeGroups/MAT_Groups_Director.uasset" 296
"../../../Engine/Content/EditorMaterials/MatineeGroups/MAT_Groups_Event.uasset" 297
"../../../Engine/Content/EditorMaterials/MatineeGroups/MAT_Groups_Anim.uasset" 298
"../../../Engine/Content/EditorMaterials/MatineeGroups/MAT_Groups_Fade.uasset" 299
"../../../Engine/Content/EditorMaterials/MatineeGroups/MAT_Groups_Move.uasset" 300
"../../../Engine/Content/EditorMaterials/MatineeGroups/MAT_Groups_Slomo.uasset" 301
"../../../Engine/Content/EditorMaterials/MatineeGroups/MAT_ColorTrack.uasset" 302
"../../../Engine/Content/EditorMaterials/MAT_Groups_Toggle.uasset" 303
"../../../Engine/Content/EditorMaterials/MatineeGroups/MAT_Groups_AudioMaster.uasset" 304
"../../../Engine/Content/EditorMaterials/MatineeGroups/MAT_Groups_Sound.uasset" 305
"../../../Engine/Content/EditorMaterials/MatineeGroups/MAT_Groups_Vector.uasset" 306
"../../../Engine/Content/EditorMaterials/MAT_Groups_Visibility.uasset" 307
"../../../Engine/Content/EngineResources/DefaultTextureCube.uasset" 308
"../../../Engine/Content/EngineMeshes/Cylinder.uasset" 309
"../../../Engine/Content/EngineTireTypes/DefaultTireType.uasset" 310
"../../../Engine/Content/EngineResources/AICON-Red.uasset" 311
"../../../Engine/Content/EngineResources/AICON-Green.uasset" 312
"../../../Engine/Content/Tutorial/Basics/LevelEditorAttract.uasset" 313
"../../../Engine/Content/Tutorial/ContentIntroCurve.uasset" 314
"../../../Engine/Plugins/2D/Paper2D/Content/PlaceholderTextures/DummySpriteTexture.uasset" 315
"../../../Engine/Plugins/2D/Paper2D/Content/DefaultSpriteMaterial.uasset" 316
"../../../Engine/Plugins/2D/Paper2D/Content/MaskedUnlitSpriteMaterial.uasset" 317
"../../../Engine/Plugins/2D/Paper2D/Content/OpaqueUnlitSpriteMaterial.uasset" 318
"../../../Engine/Plugins/2D/Paper2D/Content/DummySpriteTexture.uasset" 319
"../../../Engine/Plugins/2D/Paper2D/Content/DummySprite.uasset" 320
"../../../Engine/Plugins/2D/Paper2D/Content/DefaultPaperTerrainMaterial.uasset" 321
"../../../Engine/Plugins/Runtime/LeapMotionController/Content/LM_CapsuleMesh.uasset" 322
"../../../Engine/Plugins/Runtime/LeapMotionController/Content/LM_TorusMesh.uasset" 323
"../../../Engine/Plugins/Runtime/LeapMotionController/Content/LM_HandColor.uasset" 324
"../../../Engine/Plugins/Runtime/LeapMotionController/Content/LM_SampleDistortion.uasset" 325
"../../../Engine/Plugins/Runtime/LeapMotionController/Content/LM_TestTexture.uasset" 326
"../../../Engine/Plugins/Runtime/LeapMotionController/Content/LM_PassthroughMaterial.uasset" 327
"../../../Engine/Content/EngineMaterials/RemoveSurfaceMaterial.uasset" 328
"../../../Engine/Content/EngineDebugMaterials/DebugMeshMaterial.uasset" 329
"../../../Engine/Content/EngineMaterials/InvalidLightmapSettings.uasset" 330
"../../../Engine/Content/EngineMaterials/M_InvalidLightmapSettings.uasset" 331
"../../../Engine/Content/EditorMaterials/GizmoMaterial.uasset" 332
"../../../Engine/Content/EngineMaterials/Good64x64TilingNoiseHighFreq.uasset" 333
"../../../Engine/Content/EngineMaterials/DefaultBokeh.uasset" 334
"../../../Engine/Content/EngineMaterials/PreintegratedSkinBRDF.uasset" 335
"../../../Engine/Content/EngineMaterials/MiniFont.uasset" 336
"../../../Engine/Content/EngineMaterials/WeightMapPlaceholderTexture.uasset" 337
"../../../Engine/Content/EngineMaterials/DefaultWhiteGrid.uasset" 338
"../../../Engine/Content/EngineMaterials/DefaultPhysicalMaterial.uasset" 339
"../../../Engine/Content/EngineFonts/RobotoTiny.uasset" 340
"../../../BadAss/Content/StarterContent/Audio/Explosion01.uasset" 341
"../../../BadAss/Content/StarterContent/Audio/Explosion02.uasset" 342
"../../../BadAss/Content/StarterContent/Audio/Explosion_Cue.uasset" 343
"../../../BadAss/Content/StarterContent/Textures/T_Burst_M.uasset" 344
"../../../BadAss/Content/StarterContent/Particles/Materials/M_Burst.uasset" 345
"../../../BadAss/Content/StarterContent/Textures/T_Explosion_SubUV.uasset" 346
"../../../BadAss/Content/StarterContent/Particles/Materials/M_explosion_subUV.uasset" 347
"../../../BadAss/Content/StarterContent/Particles/Materials/m_flare_01.uasset" 348
"../../../BadAss/Content/StarterContent/Particles/Materials/M_radial_ramp.uasset" 349
"../../../BadAss/Content/StarterContent/Particles/P_Explosion.uasset" 350
"../../../BadAss/Content/StarterContent/Blueprints/Blueprint_Effect_Explosion.uasset" 351
"../../../BadAss/Content/StarterContent/Textures/T_RockMesh_M.uasset" 352
"../../../BadAss/Content/StarterContent/Textures/T_RockMesh_N.uasset" 353
"../../../BadAss/Content/StarterContent/Props/Materials/M_Rock.uasset" 354
"../../../BadAss/Content/StarterContent/Props/SM_Rock.uasset" 355
"../../../BadAss/Content/StarterContent/Textures/T_Shelf_M.uasset" 356
"../../../BadAss/Content/StarterContent/Textures/T_Shelf_N.uasset" 357
"../../../BadAss/Content/StarterContent/Props/Materials/M_Shelf.uasset" 358
"../../../BadAss/Content/StarterContent/Props/SM_Shelf.uasset" 359
"../../../BadAss/Content/StarterContent/Props/SM_Stairs.uasset" 360
"../../../Engine/Content/MobileResources/T_MobileMenu2.uasset" 361
"../../../BadAss/Content/3dModels/ers.uasset" 362
"../../../Engine/Content/Functions/MaterialLayerFunctions/MatLayerBlend_NormalBlend.uasset" 363
"../../../Engine/Content/Functions/MaterialLayerFunctions/MatLayerBlend_Simple.uasset" 364
"../../../BadAss/Content/FirstPerson/Character/Materials/MaterialLayers/T_ML_Rubber_Blue_01_D.uasset" 365
"../../../BadAss/Content/FirstPerson/Character/Materials/MaterialLayers/T_ML_Rubber_Blue_01_N.uasset" 366
"../../../BadAss/Content/FirstPerson/Character/Materials/MaterialLayers/ML_GlossyBlack_Latex_UE4.uasset" 367
"../../../BadAss/Content/FirstPerson/Character/Materials/MaterialLayers/ML_Plastic_Shiny_Beige.uasset" 368
"../../../BadAss/Content/FirstPerson/Character/Textures/UE4_LOGO_CARD.uasset" 369
"../../../BadAss/Content/FirstPerson/Character/Materials/MaterialLayers/ML_Plastic_Shiny_Beige_LOGO.uasset" 370
"../../../BadAss/Content/FirstPerson/Character/Materials/MaterialLayers/T_ML_Aluminum01.uasset" 371
"../../../BadAss/Content/FirstPerson/Character/Materials/MaterialLayers/T_ML_Aluminum01_N.uasset" 372
"../../../BadAss/Content/FirstPerson/Character/Materials/MaterialLayers/ML_SoftMetal_UE4.uasset" 373
"../../../BadAss/Content/FirstPerson/Character/Textures/UE4_Mannequin__normals.uasset" 374
"../../../BadAss/Content/FirstPerson/Character/Textures/UE4_Mannequin_MAT_MASKA.uasset" 375
"../../../BadAss/Content/FirstPerson/Character/Materials/M_UE4Man_Body.uasset" 376
"../../../BadAss/Content/FirstPerson/Character/Mesh/SK_Mannequin_Arms_PhysicsAsset.uasset" 377
"../../../BadAss/Content/FirstPerson/Character/Mesh/SK_Mannequin_Arms.uasset" 378
"../../../BadAss/Content/FirstPerson/Character/Mesh/SK_Mannequin_Arms_Skeleton.uasset" 379
"../../../BadAss/Content/FirstPerson/Animations/FirstPerson_Fire.uasset" 380
"../../../BadAss/Content/FirstPerson/Animations/FirstPersonFire_Montage.uasset" 381
"../../../BadAss/Content/FirstPerson/Animations/FirstPerson_Idle.uasset" 382
"../../../BadAss/Content/FirstPerson/Animations/FirstPerson_JumpEnd.uasset" 383
"../../../BadAss/Content/FirstPerson/Animations/FirstPerson_JumpLoop.uasset" 384
"../../../BadAss/Content/FirstPerson/Animations/FirstPerson_JumpStart.uasset" 385
"../../../BadAss/Content/FirstPerson/Animations/FirstPerson_Run.uasset" 386
"../../../BadAss/Content/FirstPerson/Animations/FirstPerson_AnimBP.uasset" 387
"../../../BadAss/Content/FirstPerson/Meshes/CircleCursor.uasset" 388
"../../../BadAss/Content/FirstPerson/Meshes/BaseMaterial.uasset" 389
"../../../BadAss/Content/FirstPerson/Meshes/CubeMaterialOverride.uasset" 390
"../../../Engine/Plugins/2D/Paper2D/Content/TranslucentUnlitSpriteMaterial.uasset" 391
"../../../BadAss/Content/FirstPerson/Textures/CircleCursor.uasset" 392
"../../../BadAss/Content/FirstPerson/Textures/CircleCursor_Sprite.uasset" 393
"../../../Engine/Content/EditorResources/EmptyActor.uasset" 394
"../../../Engine/Content/MobileResources/HUD/MobileHUDButton3.uasset" 395
"../../../Engine/Content/MobileResources/HUD/MobileHUDDirectionPad.uasset" 396
"../../../BadAss/Content/StarterContent/Shapes/Shape_Cylinder.uasset" 397
"../../../BadAss/Content/StarterContent/Shapes/Shape_Cone.uasset" 398
"../../../BadAss/Content/StarterContent/Shapes/Shape_Trim.uasset" 399
"../../../BadAss/Content/StarterContent/Shapes/Shape_Torus.uasset" 400
"../../../BadAss/Content/StarterContent/Shapes/Shape_Plane.uasset" 401
"../../../BadAss/Content/StarterContent/Shapes/Shape_Pipe_90.uasset" 402
"../../../BadAss/Content/StarterContent/Shapes/Shape_Pipe_180.uasset" 403
"../../../BadAss/Content/StarterContent/Shapes/Shape_Pipe.uasset" 404
"../../../BadAss/Content/StarterContent/Shapes/Shape_NarrowCapsule.uasset" 405
"../../../BadAss/Content/FirstPerson/FPWeapon/Materials/MaterialLayers/T_ML_FineRubber.uasset" 406
"../../../Engine/Content/MobileResources/HUD/MobileHUDDirectionStick.uasset" 407
"../../../Engine/Content/MobileResources/HUD/MobileHUDButton2_on.uasset" 408
"../../../Engine/Content/MobileResources/HUD/MobileHUDDirectionPad2.uasset" 409
"../../../Engine/Content/MobileResources/HUD/VirtualJoystick_Background.uasset" 410
"../../../Engine/Content/MobileResources/HUD/VirtualJoystick_Thumb.uasset" 411
"../../../Engine/Content/MobileResources/HUD/DefaultVirtualJoysticks.uasset" 412
"../../../Engine/Content/MobileResources/HUD/AnalogHat.uasset" 413
"../../../Engine/Content/EditorResources/AudioIcons/S_AudioComponent_AutoActivate.uasset" 414
"../../../Engine/Content/EditorResources/AudioIcons/S_AudioComponent.uasset" 415
"../../../BadAss/Content/FirstPerson/FPWeapon/Mesh/SK_FPGun_PhysicsAsset.uasset" 416
"../../../BadAss/Content/StarterContent/Shapes/Shape_Trim_90_In.uasset" 417
"../../../BadAss/Content/FirstPerson/Audio/FirstPersonTemplateWeaponFire02.uasset" 418
"../../../Engine/Content/MobileResources/HUD/T_Castle_ThumbstickOutter.uasset" 419
"../../../Engine/Content/MobileResources/HUD/MobileHUDButton2_off.uasset" 420
"../../../Engine/Content/EditorResources/LightIcons/S_LightError.uasset" 421
"../../../Engine/Content/MobileResources/HUD/MobileHUDButtonFire.uasset" 422
"../../../Engine/Content/MobileResources/HUD/LeftVirtualJoystickOnly.uasset" 423
"../../../BadAss/Content/FirstPersonBP/Blueprints/CursorHUD.uasset" 424
"../../../BadAss/Content/FirstPersonBP/Blueprints/NewGameMode.uasset" 425
"../../../Engine/Content/BasicShapes/Cube.uasset" 426
"../../../BadAss/Content/FirstPersonBP/Blueprints/FirstPersonCharacter.uasset" 427
"../../../BadAss/Content/FirstPersonBP/Blueprints/MousePlayerController.uasset" 428
"../../../BadAss/Content/FirstPersonBP/Blueprints/FirstPersonGameMode.uasset" 429
"../../../Engine/Content/MobileResources/HUD/T_Castle_ThumbstickInner.uasset" 430
"../../../Engine/Content/MobileResources/HUD/MobileHUDButton1_on.uasset" 431
"../../../BadAss/Content/StarterContent/Shapes/Shape_Wedge_B.uasset" 432
"../../../BadAss/Content/StarterContent/Shapes/Shape_Wedge_A.uasset" 433
"../../../BadAss/Content/StarterContent/Shapes/Shape_Tube.uasset" 434
"../../../BadAss/Content/StarterContent/Shapes/Shape_TriPyramid.uasset" 435
"../../../BadAss/Content/StarterContent/Shapes/Shape_Trim_90_Out.uasset" 436
"../../../Engine/Content/MobileResources/HUD/MobileHUDButton1_off.uasset" 437
"../../../BadAss/Content/StarterContent/Shapes/Shape_WideCapsule.uasset" 438
"../../../Engine/Content/EditorMaterials/PhAT_JointLimitMaterial.uasset" 439
"../../../Engine/Content/EditorMaterials/PreviewShadowIndicator.uasset" 440
"../../../Engine/Content/EditorMaterials/PreviewShadowIndicatorMaterial.uasset" 441
"../../../Engine/Content/EditorResources/BSPVertex.uasset" 442
"../../../Engine/Content/EngineDebugMaterials/HeatmapGradient.uasset" 443
"../../../Engine/Content/EngineDebugMaterials/BoneWeightMaterial.uasset" 444
"../../../Engine/Content/EngineDebugMaterials/GeomMaterial.uasset" 445
"../../../Engine/Content/EngineMaterials/EditorBrushMaterial.uasset" 446
"../../../Engine/Content/MobileResources/T_MobileControls_texture.uasset" 447
"../../../Engine/Content/MobileResources/HUD/MobileHUDDirectionPad3.uasset" 448
"../../../Engine/Content/Tutorial/Basics/TutorialAssets/icon_tab_Levels_40x.uasset" 449
"../../../Engine/Content/Tutorial/Basics/LevelEditorOverview.uasset" 450
"../../../Engine/Content/Tutorial/BlueprintTutorials/TutorialAssets/Blueprint_64x.uasset" 451
"../../../Engine/Content/Tutorial/BlueprintTutorials/BlueprintEditorTutorial.uasset" 452
"../../../Engine/Content/Tutorial/BlueprintTutorials/TutorialAssets/BlueprintInterface_64x.uasset" 453
"../../../Engine/Content/Tutorial/BlueprintTutorials/TutorialAssets/Tutorial_BP_Interface.uasset" 454
"../../../Engine/Content/Tutorial/BlueprintTutorials/BlueprintInterfacesEditorOverview.uasset" 455
"../../../Engine/Content/Tutorial/BlueprintTutorials/TutorialAssets/BlueprintMacroLibrary_64x.uasset" 456
"../../../Engine/Content/Tutorial/BlueprintTutorials/TutorialAssets/Tutorial_BP_MacroLib.uasset" 457
"../../../Engine/Content/Tutorial/BlueprintTutorials/BlueprintMacroLibrariesEditorOverview.uasset" 458
"../../../Engine/Content/Tutorial/BlueprintTutorials/LevelBlueprintEditorOverview.uasset" 459
"../../../Engine/Content/Tutorial/Foliage/TutorialAssets/Foliage.uasset" 460
"../../../Engine/Content/Tutorial/Foliage/Foliage_Settings_Tutorial.uasset" 461
"../../../Engine/Content/Tutorial/Foliage/Foliage_Using_The_Tool_Tutorial.uasset" 462
"../../../Engine/Content/Tutorial/Foliage/Foliage_Intro_Tutorial.uasset" 463
"../../../Engine/Content/Tutorial/Landscape/TutorialAssets/Landscape.uasset" 464
"../../../Engine/Content/Tutorial/Landscape/Landscape_Painting_Mode.uasset" 465
"../../../Engine/Content/Tutorial/Landscape/Landscape_Sculpt_Mode.uasset" 466
"../../../Engine/Content/Tutorial/Landscape/Landscape_Manage_Mode.uasset" 467
"../../../Engine/Content/Tutorial/Paper2D/TutorialAssets/Paper2DFlipbook_TutorialIcon.uasset" 468
"../../../Engine/Content/Tutorial/Paper2D/FlipbookEditorTutorial.uasset" 469
"../../../Engine/Content/Tutorial/Paper2D/TutorialAssets/Paper2DSprite_TutorialIcon.uasset" 470
"../../../Engine/Content/Tutorial/Paper2D/SpriteEditorTutorial.uasset" 471
"../../../Engine/Content/EditorMeshes/EditorCube.uasset" 472
"../../../Engine/Content/Tutorial/SubEditors/TutorialAssets/Tutorial_DM.uasset" 473
"../../../Engine/Content/Tutorial/SubEditors/DestructibleMeshEditorTutorial.uasset" 474
"../../../Engine/Content/Tutorial/SubEditors/TutorialAssets/TutorialMaterial.uasset" 475
"../../../Engine/Content/Tutorial/SubEditors/MaterialEditorTutorial.uasset" 476
"../../../Engine/Content/Tutorial/SubEditors/TutorialAssets/T_SmokeSubUV_8X8.uasset" 477
"../../../Engine/Content/Tutorial/SubEditors/TutorialAssets/T_soft_smoke.uasset" 478
"../../../Engine/Content/Tutorial/SubEditors/TutorialAssets/M_smoke_subUV_blackbody.uasset" 479
"../../../Engine/Content/Tutorial/SubEditors/TutorialAssets/TutorialParticleSystem.uasset" 480
"../../../Engine/Content/Tutorial/SubEditors/ParticleSystemEditorTutorial.uasset" 481
"../../../Engine/Content/Tutorial/SubEditors/TutorialAssets/icon_ShowSkeletalMeshes_40x.uasset" 482
"../../../Engine/Content/Tutorial/SubEditors/TutorialAssets/Character/TutorialTPP_Mat.uasset" 483
"../../../Engine/Content/Tutorial/SubEditors/TutorialAssets/Character/TutorialTPP_PhysicsAsset.uasset" 484
"../../../Engine/Content/Tutorial/SubEditors/TutorialAssets/Character/TutorialTPP.uasset" 485
"../../../Engine/Content/Tutorial/SubEditors/TutorialAssets/Character/TutorialTPP_Skeleton.uasset" 486
"../../../Engine/Content/Tutorial/SubEditors/TutorialAssets/Character/Tutorial_Idle.uasset" 487
"../../../Engine/Content/Tutorial/SubEditors/TutorialAssets/Character/Tutorial_Walk_Fwd.uasset" 488
"../../../Engine/Content/Tutorial/SubEditors/TutorialAssets/Character/NewBlendSpace1D.uasset" 489
"../../../Engine/Content/Tutorial/SubEditors/TutorialAssets/Character/TutorialCharacter.uasset" 490
"../../../Engine/Content/Tutorial/SubEditors/TutorialAssets/Character/TutorialTPP_AnimBlueprint.uasset" 491
"../../../Engine/Content/Tutorial/SubEditors/PersonaAnimBlueprintEditorWalkthrough.uasset" 492
"../../../Engine/Content/Tutorial/SubEditors/PersonaAnimEditorWalkthrough.uasset" 493
"../../../Engine/Content/EngineMeshes/Cube.uasset" 494
"../../../Engine/Content/Tutorial/SubEditors/StaticMeshEditorTutorial.uasset" 495
"../../../Engine/Content/Tutorial/SubEditors/TutorialAssets/icon_Editor_Preferences_General_40x.uasset" 496
"../../../BadAss/Content/FirstPerson/FPWeapon/Materials/MaterialLayers/ML_Plastic_Shiny_Beige_LOGO.uasset" 497
"../../../BadAss/Content/FirstPersonBP/FirstPersonOverview.uasset" 498
"../../../BadAss/Content/FirstPerson/Textures/FirstPersonCrosshair.uasset" 499
"../../../BadAss/Content/FirstPersonBP/Blueprints/FirstPersonHUD.uasset" 500
"../../../BadAss/Content/FirstPerson/Meshes/FirstPersonProjectileMaterial.uasset" 501
"../../../BadAss/Content/FirstPerson/Meshes/FirstPersonProjectileMesh.uasset" 502
"../../../BadAss/Content/FirstPersonBP/Blueprints/FirstPersonProjectile.uasset" 503
"../../../BadAss/Content/Geometry/Meshes/1M_Cube_Chamfer.uasset" 504
"../../../BadAss/Content/Geometry/Meshes/TemplateFloor.uasset" 505
"../../../BadAss/Content/New_Stuff/polySurface47Mat.uasset" 506
"../../../BadAss/Content/New_Stuff/polySurface52Mat.uasset" 507
"../../../BadAss/Content/New_Stuff/Pulsating_Red_Light.uasset" 508
"../../../BadAss/Content/New_Stuff/Red_Flashy_lights.uasset" 509
"../../../BadAss/Content/New_Stuff/Steam.uasset" 510
"../../../BadAss/Content/StarterContent/Architecture/Pillar_50x500.uasset" 511
"../../../BadAss/Content/StarterContent/Architecture/Wall_400x300.uasset" 512
"../../../BadAss/Content/StarterContent/Architecture/Wall_400x400.uasset" 513
"../../../BadAss/Content/StarterContent/Architecture/Wall_500x500.uasset" 514
"../../../BadAss/Content/StarterContent/Architecture/Wall_Door_400x400.uasset" 515
"../../../BadAss/Content/StarterContent/Architecture/Wall_Window_400x400.uasset" 516
"../../../BadAss/Content/StarterContent/Audio/Light01.uasset" 517
"../../../BadAss/Content/StarterContent/Audio/Light01_Cue.uasset" 518
"../../../BadAss/Content/StarterContent/Audio/Light02.uasset" 519
"../../../BadAss/Content/StarterContent/Audio/Light02_Cue.uasset" 520
"../../../BadAss/Content/New_Stuff/Blinking.uasset" 521
"../../../BadAss/Content/StarterContent/Blueprints/Blinking.uasset" 522
"../../../BadAss/Content/StarterContent/Materials/M_ColorGrid_LowSpec.uasset" 523
"../../../BadAss/Content/StarterContent/Particles/Materials/NewMaterial2.uasset" 524
"../../../BadAss/Content/StarterContent/Textures/T_Bush_D.uasset" 525
"../../../BadAss/Content/StarterContent/Textures/T_Bush_N.uasset" 526
"../../../BadAss/Content/StarterContent/Props/Materials/M_Bush.uasset" 527
"../../../BadAss/Content/StarterContent/Props/SM_Bush.uasset" 528
"../../../BadAss/Content/StarterContent/Props/SM_Couch.uasset" 529
"../../../BadAss/Content/StarterContent/Textures/T_Door_M.uasset" 530
"../../../BadAss/Content/StarterContent/Textures/T_Door_N.uasset" 531
"../../../BadAss/Content/StarterContent/Props/Materials/M_Door.uasset" 532
"../../../BadAss/Content/StarterContent/Props/SM_Door.uasset" 533
"../../../BadAss/Content/StarterContent/Props/Materials/M_MaterialSphere.uasset" 534
"../../../BadAss/Content/StarterContent/Props/Materials/M_MaterialSphere_Plain.uasset" 535
"../../../BadAss/Content/StarterContent/Props/SM_MatPreviewMesh_02.uasset" 536
